2022-09-08 10:53:26,963 DEBUG Horse: Создание Horse, имя [name], скорость [1.0]
2022-09-08 10:53:26,973 ERROR Horse: Distance is negative
2022-09-08 10:53:27,036 DEBUG Horse: Создание Horse, имя [name], скорость [1.0]
2022-09-08 10:53:27,143 DEBUG Horse: Создание Horse, имя [name], скорость [1.0]
2022-09-08 10:53:27,146 DEBUG Horse: Создание Horse, имя [name], скорость [8.0]
2022-09-08 10:53:27,152 ERROR Horse: Name is null
2022-09-08 10:53:27,363 ERROR Horse: Name is blank
2022-09-08 10:53:27,380 ERROR Horse: Name is blank
2022-09-08 10:53:27,383 ERROR Horse: Name is blank
2022-09-08 10:53:27,387 ERROR Horse: Name is blank
2022-09-08 10:53:27,392 ERROR Horse: Name is blank
2022-09-08 10:53:27,396 DEBUG Horse: Создание Horse, имя [name], скорость [1.0]
2022-09-08 10:53:27,535 DEBUG Horse: Создание Horse, имя [name], скорость [30.0]
2022-09-08 10:53:27,566 DEBUG Horse: Создание Horse, имя [name], скорость [35.0]
2022-09-08 10:53:27,573 DEBUG Horse: Создание Horse, имя [name], скорость [40.0]
2022-09-08 10:53:27,581 ERROR Horse: Speed is negative
2022-09-08 10:53:27,585 ERROR Hippodrome: Horses list is null
2022-09-08 10:53:27,591 ERROR Hippodrome: Horses list is empty
2022-09-08 10:53:27,665 DEBUG Hippodrome: Создание Hippodrome, лошадей [50]
2022-09-08 10:53:27,784 DEBUG Horse: Создание Horse, имя [Буцефал], скорость [2.4]
2022-09-08 10:53:27,785 DEBUG Horse: Создание Horse, имя [Туз Пик], скорость [2.5]
2022-09-08 10:53:27,785 DEBUG Horse: Создание Horse, имя [Зефир], скорость [2.6]
2022-09-08 10:53:27,786 DEBUG Horse: Создание Horse, имя [Пожар], скорость [2.7]
2022-09-08 10:53:27,786 DEBUG Horse: Создание Horse, имя [Лобстер], скорость [2.8]
2022-09-08 10:53:27,786 DEBUG Horse: Создание Horse, имя [Пегас], скорость [2.9]
2022-09-08 10:53:27,786 DEBUG Horse: Создание Horse, имя [Вишня], скорость [3.0]
2022-09-08 10:53:27,786 DEBUG Hippodrome: Создание Hippodrome, лошадей [7]
2022-09-08 10:53:27,793 DEBUG Horse: Создание Horse, имя [Horse0], скорость [0.0]
2022-09-08 10:53:27,793 DEBUG Horse: Создание Horse, имя [Horse1], скорость [1.0]
2022-09-08 10:53:27,793 DEBUG Horse: Создание Horse, имя [Horse2], скорость [2.0]
2022-09-08 10:53:27,793 DEBUG Horse: Создание Horse, имя [Horse3], скорость [3.0]
2022-09-08 10:53:27,793 DEBUG Horse: Создание Horse, имя [Horse4], скорость [4.0]
2022-09-08 10:53:27,793 DEBUG Horse: Создание Horse, имя [Horse5], скорость [5.0]
2022-09-08 10:53:27,793 DEBUG Horse: Создание Horse, имя [Horse6], скорость [6.0]
2022-09-08 10:53:27,793 DEBUG Horse: Создание Horse, имя [Horse7], скорость [7.0]
2022-09-08 10:53:27,793 DEBUG Horse: Создание Horse, имя [Horse8], скорость [8.0]
2022-09-08 10:53:27,793 DEBUG Horse: Создание Horse, имя [Horse9], скорость [9.0]
2022-09-08 10:53:27,793 DEBUG Horse: Создание Horse, имя [Horse10], скорость [10.0]
2022-09-08 10:53:27,793 DEBUG Horse: Создание Horse, имя [Horse11], скорость [11.0]
2022-09-08 10:53:27,793 DEBUG Horse: Создание Horse, имя [Horse12], скорость [12.0]
2022-09-08 10:53:27,793 DEBUG Horse: Создание Horse, имя [Horse13], скорость [13.0]
2022-09-08 10:53:27,794 DEBUG Horse: Создание Horse, имя [Horse14], скорость [14.0]
2022-09-08 10:53:27,794 DEBUG Horse: Создание Horse, имя [Horse15], скорость [15.0]
2022-09-08 10:53:27,794 DEBUG Horse: Создание Horse, имя [Horse16], скорость [16.0]
2022-09-08 10:53:27,794 DEBUG Horse: Создание Horse, имя [Horse17], скорость [17.0]
2022-09-08 10:53:27,794 DEBUG Horse: Создание Horse, имя [Horse18], скорость [18.0]
2022-09-08 10:53:27,794 DEBUG Horse: Создание Horse, имя [Horse19], скорость [19.0]
2022-09-08 10:53:27,794 DEBUG Horse: Создание Horse, имя [Horse20], скорость [20.0]
2022-09-08 10:53:27,794 DEBUG Horse: Создание Horse, имя [Horse21], скорость [21.0]
2022-09-08 10:53:27,794 DEBUG Horse: Создание Horse, имя [Horse22], скорость [22.0]
2022-09-08 10:53:27,794 DEBUG Horse: Создание Horse, имя [Horse23], скорость [23.0]
2022-09-08 10:53:27,794 DEBUG Horse: Создание Horse, имя [Horse24], скорость [24.0]
2022-09-08 10:53:27,794 DEBUG Horse: Создание Horse, имя [Horse25], скорость [25.0]
2022-09-08 10:53:27,794 DEBUG Horse: Создание Horse, имя [Horse26], скорость [26.0]
2022-09-08 10:53:27,794 DEBUG Horse: Создание Horse, имя [Horse27], скорость [27.0]
2022-09-08 10:53:27,794 DEBUG Horse: Создание Horse, имя [Horse28], скорость [28.0]
2022-09-08 10:53:27,794 DEBUG Horse: Создание Horse, имя [Horse29], скорость [29.0]
2022-09-08 10:53:27,795 DEBUG Hippodrome: Создание Hippodrome, лошадей [30]
