2022-09-08 10:10:02,181 DEBUG Horse: Создание Horse, имя [Буцефал], скорость [2.4]
2022-09-08 10:10:02,188 DEBUG Horse: Создание Horse, имя [Туз Пик], скорость [2.5]
2022-09-08 10:10:02,188 DEBUG Horse: Создание Horse, имя [Зефир], скорость [2.6]
2022-09-08 10:10:02,188 DEBUG Horse: Создание Horse, имя [Пожар], скорость [2.7]
2022-09-08 10:10:02,188 DEBUG Horse: Создание Horse, имя [Лобстер], скорость [2.8]
2022-09-08 10:10:02,188 DEBUG Horse: Создание Horse, имя [Пегас], скорость [2.9]
2022-09-08 10:10:02,189 DEBUG Horse: Создание Horse, имя [Вишня], скорость [3.0]
2022-09-08 10:10:02,189 INFO Main: Начало скачек. Количество участников: 7
2022-09-08 10:10:02,189 DEBUG Hippodrome: Создание Hippodrome, лошадей [7]
2022-09-08 10:10:03,216 INFO Main: Окончание скачек. Победитель: Лобстер
2022-09-08 10:15:15,764 DEBUG Horse: Создание Horse, имя [Буцефал], скорость [2.4]
2022-09-08 10:15:15,765 DEBUG Horse: Создание Horse, имя [Туз Пик], скорость [2.5]
2022-09-08 10:15:15,766 DEBUG Horse: Создание Horse, имя [Зефир], скорость [2.6]
2022-09-08 10:15:15,766 DEBUG Horse: Создание Horse, имя [Пожар], скорость [2.7]
2022-09-08 10:15:15,766 DEBUG Horse: Создание Horse, имя [Лобстер], скорость [2.8]
2022-09-08 10:15:15,766 DEBUG Horse: Создание Horse, имя [Пегас], скорость [2.9]
2022-09-08 10:15:15,766 DEBUG Horse: Создание Horse, имя [Вишня], скорость [3.0]
2022-09-08 10:15:15,766 INFO Main: Начало скачек. Количество участников: 7
2022-09-08 10:15:15,766 DEBUG Hippodrome: Создание Hippodrome, лошадей [7]
2022-09-08 10:15:16,802 INFO Main: Окончание скачек. Победитель: Пегас
2022-09-08 10:21:23,317 DEBUG Horse: Создание Horse, имя [Буцефал], скорость [2.4]
2022-09-08 10:21:23,318 DEBUG Horse: Создание Horse, имя [Туз Пик], скорость [2.5]
2022-09-08 10:21:23,318 DEBUG Horse: Создание Horse, имя [Зефир], скорость [2.6]
2022-09-08 10:21:23,319 DEBUG Horse: Создание Horse, имя [Пожар], скорость [2.7]
2022-09-08 10:21:23,319 DEBUG Horse: Создание Horse, имя [Лобстер], скорость [2.8]
2022-09-08 10:21:23,319 DEBUG Horse: Создание Horse, имя [Пегас], скорость [2.9]
2022-09-08 10:21:23,319 DEBUG Horse: Создание Horse, имя [Вишня], скорость [3.0]
2022-09-08 10:21:23,319 INFO Main: Начало скачек. Количество участников: 7
2022-09-08 10:21:23,319 DEBUG Hippodrome: Создание Hippodrome, лошадей [7]
2022-09-08 10:21:24,357 INFO Main: Окончание скачек. Победитель: Лобстер
2022-09-08 10:37:28,149 DEBUG Horse: Создание Horse, имя [Буцефал], скорость [2.4]
2022-09-08 10:37:28,150 DEBUG Horse: Создание Horse, имя [Туз Пик], скорость [2.5]
2022-09-08 10:37:28,151 DEBUG Horse: Создание Horse, имя [Зефир], скорость [2.6]
2022-09-08 10:37:28,151 DEBUG Horse: Создание Horse, имя [Пожар], скорость [2.7]
2022-09-08 10:37:28,151 DEBUG Horse: Создание Horse, имя [Лобстер], скорость [2.8]
2022-09-08 10:37:28,151 DEBUG Horse: Создание Horse, имя [Пегас], скорость [2.9]
2022-09-08 10:37:28,151 DEBUG Horse: Создание Horse, имя [Вишня], скорость [3.0]
2022-09-08 10:37:28,151 INFO Main: Начало скачек. Количество участников: 7
2022-09-08 10:37:28,151 DEBUG Hippodrome: Создание Hippodrome, лошадей [7]
2022-09-08 10:37:29,186 INFO Main: Окончание скачек. Победитель: Пегас
2022-09-08 10:38:15,915 DEBUG Horse: Создание Horse, имя [name], скорость [1.0]
2022-09-08 10:38:15,923 ERROR Horse: Distance is negative
2022-09-08 10:38:16,014 DEBUG Horse: Создание Horse, имя [name], скорость [1.0]
2022-09-08 10:38:16,148 DEBUG Horse: Создание Horse, имя [name], скорость [1.0]
2022-09-08 10:38:16,151 DEBUG Horse: Создание Horse, имя [name], скорость [8.0]
2022-09-08 10:38:16,161 ERROR Horse: Name is null
2022-09-08 10:38:16,368 ERROR Horse: Name is blank
2022-09-08 10:38:16,386 ERROR Horse: Name is blank
2022-09-08 10:38:16,389 ERROR Horse: Name is blank
2022-09-08 10:38:16,394 ERROR Horse: Name is blank
2022-09-08 10:38:16,398 ERROR Horse: Name is blank
2022-09-08 10:38:16,403 DEBUG Horse: Создание Horse, имя [name], скорость [1.0]
2022-09-08 10:38:16,548 DEBUG Horse: Создание Horse, имя [name], скорость [30.0]
2022-09-08 10:38:16,580 DEBUG Horse: Создание Horse, имя [name], скорость [35.0]
2022-09-08 10:38:16,587 DEBUG Horse: Создание Horse, имя [name], скорость [40.0]
2022-09-08 10:38:16,593 ERROR Horse: Speed is negative
2022-09-08 10:38:16,598 ERROR Hippodrome: Horses list is null
2022-09-08 10:38:16,604 ERROR Hippodrome: Horses list is empty
2022-09-08 10:38:16,680 DEBUG Hippodrome: Создание Hippodrome, лошадей [50]
2022-09-08 10:38:16,801 DEBUG Horse: Создание Horse, имя [Буцефал], скорость [2.4]
2022-09-08 10:38:16,801 DEBUG Horse: Создание Horse, имя [Туз Пик], скорость [2.5]
2022-09-08 10:38:16,802 DEBUG Horse: Создание Horse, имя [Зефир], скорость [2.6]
2022-09-08 10:38:16,803 DEBUG Horse: Создание Horse, имя [Пожар], скорость [2.7]
2022-09-08 10:38:16,803 DEBUG Horse: Создание Horse, имя [Лобстер], скорость [2.8]
2022-09-08 10:38:16,803 DEBUG Horse: Создание Horse, имя [Пегас], скорость [2.9]
2022-09-08 10:38:16,803 DEBUG Horse: Создание Horse, имя [Вишня], скорость [3.0]
2022-09-08 10:38:16,803 DEBUG Hippodrome: Создание Hippodrome, лошадей [7]
2022-09-08 10:38:16,811 DEBUG Horse: Создание Horse, имя [Horse0], скорость [0.0]
2022-09-08 10:38:16,811 DEBUG Horse: Создание Horse, имя [Horse1], скорость [1.0]
2022-09-08 10:38:16,811 DEBUG Horse: Создание Horse, имя [Horse2], скорость [2.0]
2022-09-08 10:38:16,811 DEBUG Horse: Создание Horse, имя [Horse3], скорость [3.0]
2022-09-08 10:38:16,811 DEBUG Horse: Создание Horse, имя [Horse4], скорость [4.0]
2022-09-08 10:38:16,811 DEBUG Horse: Создание Horse, имя [Horse5], скорость [5.0]
2022-09-08 10:38:16,811 DEBUG Horse: Создание Horse, имя [Horse6], скорость [6.0]
2022-09-08 10:38:16,811 DEBUG Horse: Создание Horse, имя [Horse7], скорость [7.0]
2022-09-08 10:38:16,812 DEBUG Horse: Создание Horse, имя [Horse8], скорость [8.0]
2022-09-08 10:38:16,812 DEBUG Horse: Создание Horse, имя [Horse9], скорость [9.0]
2022-09-08 10:38:16,812 DEBUG Horse: Создание Horse, имя [Horse10], скорость [10.0]
2022-09-08 10:38:16,812 DEBUG Horse: Создание Horse, имя [Horse11], скорость [11.0]
2022-09-08 10:38:16,812 DEBUG Horse: Создание Horse, имя [Horse12], скорость [12.0]
2022-09-08 10:38:16,812 DEBUG Horse: Создание Horse, имя [Horse13], скорость [13.0]
2022-09-08 10:38:16,812 DEBUG Horse: Создание Horse, имя [Horse14], скорость [14.0]
2022-09-08 10:38:16,812 DEBUG Horse: Создание Horse, имя [Horse15], скорость [15.0]
2022-09-08 10:38:16,812 DEBUG Horse: Создание Horse, имя [Horse16], скорость [16.0]
2022-09-08 10:38:16,812 DEBUG Horse: Создание Horse, имя [Horse17], скорость [17.0]
2022-09-08 10:38:16,812 DEBUG Horse: Создание Horse, имя [Horse18], скорость [18.0]
2022-09-08 10:38:16,812 DEBUG Horse: Создание Horse, имя [Horse19], скорость [19.0]
2022-09-08 10:38:16,812 DEBUG Horse: Создание Horse, имя [Horse20], скорость [20.0]
2022-09-08 10:38:16,812 DEBUG Horse: Создание Horse, имя [Horse21], скорость [21.0]
2022-09-08 10:38:16,812 DEBUG Horse: Создание Horse, имя [Horse22], скорость [22.0]
2022-09-08 10:38:16,813 DEBUG Horse: Создание Horse, имя [Horse23], скорость [23.0]
2022-09-08 10:38:16,813 DEBUG Horse: Создание Horse, имя [Horse24], скорость [24.0]
2022-09-08 10:38:16,813 DEBUG Horse: Создание Horse, имя [Horse25], скорость [25.0]
2022-09-08 10:38:16,813 DEBUG Horse: Создание Horse, имя [Horse26], скорость [26.0]
2022-09-08 10:38:16,813 DEBUG Horse: Создание Horse, имя [Horse27], скорость [27.0]
2022-09-08 10:38:16,813 DEBUG Horse: Создание Horse, имя [Horse28], скорость [28.0]
2022-09-08 10:38:16,813 DEBUG Horse: Создание Horse, имя [Horse29], скорость [29.0]
2022-09-08 10:38:16,813 DEBUG Hippodrome: Создание Hippodrome, лошадей [30]
